[2022-04-08T18:38:55.884] [INFO] default - Servidor http escuchando en el puerto 8080
[2022-04-08T18:39:11.431] [INFO] default - agostina@gmail.com signed up
[2022-04-08T18:40:02.721] [INFO] default - Servidor http escuchando en el puerto 8080
[2022-04-08T18:41:23.333] [INFO] default - Servidor http escuchando en el puerto 8080
[2022-04-08T18:41:27.888] [ERROR] default - agostina@gmail.com is registered
[2022-04-08T19:55:49.262] [INFO] default - Servidor http escuchando en el puerto 8080
[2022-04-08T19:56:05.830] [ERROR] default - agostina@gmail.com is registered
[2022-04-08T19:56:54.672] [INFO] default - carowartel83@hotmail.com signed up
[2022-04-08T19:58:45.630] [ERROR] default - 6250bdb61485d8b6b67ce1c3 The file was uploaded successfully
[2022-04-08T19:59:15.084] [INFO] default - Servidor http escuchando en el puerto 8080
[2022-04-08T19:59:28.905] [ERROR] default - 6250bdb61485d8b6b67ce1c3 The file was uploaded successfully
[2022-04-08T20:00:26.381] [INFO] default - Servidor http escuchando en el puerto 8080
[2022-04-08T20:00:28.281] [INFO] default - Servidor http escuchando en el puerto 8080
[2022-04-08T20:00:39.170] [INFO] default - 6250bdb61485d8b6b67ce1c3 The file was uploaded successfully
[2022-04-08T20:02:11.158] [INFO] default - PC loaded correctly
[2022-04-08T20:02:38.753] [INFO] default - Product 62509bda75fc4df5c27d3b4f removed successfully
[2022-04-08T20:03:07.291] [INFO] default - Notebook updated successfully
[2022-04-08T20:03:55.514] [INFO] default - The file was uploaded successfully
[2022-04-08T20:06:33.077] [INFO] default - New order by cart 6250bdb61485d8b6b67ce1c6
[2022-04-08T20:08:34.040] [INFO] default - Servidor http escuchando en el puerto 8080
[2022-04-08T20:21:54.086] [INFO] default - Servidor http escuchando en el puerto 8080
[2022-04-08T20:22:09.413] [ERROR] default - carowartel83@hotmail.com is registered
[2022-04-08T20:30:12.670] [INFO] default - Servidor http escuchando en el puerto 8080
